<?xml version="1.0" encoding="UTF-8"?>
<!-- Generated by org.testng.reporters.JUnitReportReporter -->
<testsuite hostname="DESKTOP-D5MNQQE" failures="0" tests="2" name="Test.TestNGClass" time="26.984" errors="0" timestamp="2022-09-23T13:42:28 IST" skipped="0">
  <testcase classname="Test.TestNGClass" name="test" time="21.412"/>
  <system-out/>
  <testcase classname="Test.TestNGClass" name="test2" time="5.572"/>
  <system-out/>
</testsuite> <!-- Test.TestNGClass -->
