<?xml version="1.0" encoding="UTF-8"?>
<!-- Generated by org.testng.reporters.JUnitReportReporter -->
<testsuite hostname="DESKTOP-D5MNQQE" failures="0" tests="1" name="Test.TestNGClass2" time="7.211" errors="0" timestamp="2022-09-23T16:38:07 IST" skipped="0">
  <testcase classname="Test.TestNGClass2" name="test" time="7.211"/>
  <system-out/>
</testsuite> <!-- Test.TestNGClass2 -->
