<?xml version="1.0" encoding="UTF-8"?>
<!-- Generated by org.testng.reporters.JUnitReportReporter -->
<testsuite hostname="DESKTOP-D5MNQQE" failures="0" tests="2" name="Test.TestNgClass" time="6.619" errors="0" timestamp="2022-09-30T11:48:21 IST" skipped="0">
  <testcase classname="Test.TestNgClass" name="test2" time="4.043"/>
  <system-out/>
  <testcase classname="Test.TestNgClass" name="test" time="2.576"/>
  <system-out/>
</testsuite> <!-- Test.TestNgClass -->
