<?xml version="1.0" encoding="UTF-8"?>
<!-- Generated by org.testng.reporters.JUnitReportReporter -->
<testsuite hostname="DESKTOP-D5MNQQE" failures="0" tests="1" name="TestNGClass" time="0.031" errors="0" timestamp="2022-09-16T19:15:04 IST" skipped="0">
  <testcase classname="TestNGClass" name="test123" time="0.031"/>
  <system-out/>
</testsuite> <!-- TestNGClass -->
